<?xml version="1.0" encoding="UTF-8"?>
<testsuite name="ru.zzzhvl.faa.sandbox.SquareTests" tests="1" skipped="0" failures="0" errors="0" timestamp="2022-04-02T22:32:54" hostname="ZZZHVL" time="0.007">
  <properties/>
  <testcase name="testArea" classname="ru.zzzhvl.faa.sandbox.SquareTests" time="0.007"/>
  <system-out><![CDATA[]]></system-out>
  <system-err><![CDATA[]]></system-err>
</testsuite>
