<?xml version="1.0" encoding="UTF-8"?>
<testsuite name="ru.zzzhvl.faa.sandbox.EquationTest" tests="6" skipped="0" failures="0" errors="0" timestamp="2022-04-08T17:19:29" hostname="ZZZHVL" time="0.054">
  <properties/>
  <testcase name="test0" classname="ru.zzzhvl.faa.sandbox.EquationTest" time="0.046"/>
  <testcase name="test1" classname="ru.zzzhvl.faa.sandbox.EquationTest" time="0.0"/>
  <testcase name="test2" classname="ru.zzzhvl.faa.sandbox.EquationTest" time="0.0"/>
  <testcase name="testConstant" classname="ru.zzzhvl.faa.sandbox.EquationTest" time="0.0"/>
  <testcase name="testLinear" classname="ru.zzzhvl.faa.sandbox.EquationTest" time="0.001"/>
  <testcase name="testZero" classname="ru.zzzhvl.faa.sandbox.EquationTest" time="0.0"/>
  <system-out><![CDATA[]]></system-out>
  <system-err><![CDATA[]]></system-err>
</testsuite>
