<?xml version="1.0" encoding="UTF-8"?>
<testsuite name="ru.zzzhvl.faa.adressbook.GroupDeleteTest" tests="1" skipped="0" failures="0" errors="0" timestamp="2022-04-05T19:34:31" hostname="ZZZHVL" time="0.404">
  <properties/>
  <testcase name="testDeleteGroup" classname="ru.zzzhvl.faa.adressbook.GroupDeleteTest" time="0.404"/>
  <system-out><![CDATA[]]></system-out>
  <system-err><![CDATA[Starting ChromeDriver 100.0.4896.20 (f9d71f93d32a6487809d6f35a9670c879fe97dfe-refs/branch-heads/4896@{#203}) on port 60627
Only local connections are allowed.
Please see https://chromedriver.chromium.org/security-considerations for suggestions on keeping ChromeDriver safe.
ChromeDriver was started successfully.
апр. 05, 2022 10:34:31 PM org.openqa.selenium.remote.ProtocolHandshake createSession
INFO: Detected dialect: W3C
апр. 05, 2022 10:34:31 PM org.openqa.selenium.devtools.CdpVersionFinder findNearestMatch
WARNING: Unable to find an exact match for CDP version 100, so returning the closest version found: 99
апр. 05, 2022 10:34:31 PM org.openqa.selenium.devtools.CdpVersionFinder findNearestMatch
INFO: Found CDP implementation for version 100 of 99
]]></system-err>
</testsuite>
